orka-numerics-doubles-tensors-cpu.ads:1:40: (style) incorrect line terminator [-gnatyd]
orka-numerics-doubles-tensors-cpu.ads:2:03: (style) incorrect line terminator [-gnatyd]
orka-numerics-doubles-tensors-cpu.ads:3:50: (style) incorrect line terminator [-gnatyd]
orka-numerics-doubles-tensors-cpu.ads:4:03: (style) incorrect line terminator [-gnatyd]
orka-numerics-doubles-tensors-cpu.ads:5:68: (style) incorrect line terminator [-gnatyd]
orka-numerics-doubles-tensors-cpu.ads:6:69: (style) incorrect line terminator [-gnatyd]
orka-numerics-doubles-tensors-cpu.ads:7:44: (style) incorrect line terminator [-gnatyd]
orka-numerics-doubles-tensors-cpu.ads:8:03: (style) incorrect line terminator [-gnatyd]
orka-numerics-doubles-tensors-cpu.ads:9:51: (style) incorrect line terminator [-gnatyd]
orka-numerics-doubles-tensors-cpu.ads:10:03: (style) incorrect line terminator [-gnatyd]
orka-numerics-doubles-tensors-cpu.ads:11:72: (style) incorrect line terminator [-gnatyd]
orka-numerics-doubles-tensors-cpu.ads:12:70: (style) incorrect line terminator [-gnatyd]
orka-numerics-doubles-tensors-cpu.ads:13:77: (style) incorrect line terminator [-gnatyd]
orka-numerics-doubles-tensors-cpu.ads:14:72: (style) incorrect line terminator [-gnatyd]
orka-numerics-doubles-tensors-cpu.ads:15:35: (style) incorrect line terminator [-gnatyd]
orka-numerics-doubles-tensors-cpu.ads:16:01: (style) incorrect line terminator [-gnatyd]
orka-numerics-doubles-tensors-cpu.ads:17:37: (style) incorrect line terminator [-gnatyd]
orka-numerics-doubles-tensors-cpu.ads:18:01: (style) incorrect line terminator [-gnatyd]
orka-numerics-doubles-tensors-cpu.ads:19:39: (style) incorrect line terminator [-gnatyd]
orka-numerics-doubles-tensors-cpu.ads:20:36: (style) incorrect line terminator [-gnatyd]
orka-numerics-doubles-tensors-cpu.ads:21:36: (style) incorrect line terminator [-gnatyd]
orka-numerics-doubles-tensors-cpu.ads:22:33: (style) incorrect line terminator [-gnatyd]
orka-numerics-doubles-tensors-cpu.ads:23:34: (style) incorrect line terminator [-gnatyd]
orka-numerics-doubles-tensors-cpu.ads:24:38: (style) incorrect line terminator [-gnatyd]
orka-numerics-doubles-tensors-cpu.ads:25:35: (style) incorrect line terminator [-gnatyd]
orka-numerics-doubles-tensors-cpu.ads:26:33: (style) incorrect line terminator [-gnatyd]
orka-numerics-doubles-tensors-cpu.ads:27:34: (style) incorrect line terminator [-gnatyd]
orka-numerics-doubles-tensors-cpu.ads:28:01: (style) incorrect line terminator [-gnatyd]
orka-numerics-doubles-tensors-cpu.ads:29:01: warning: in instantiation at orka-numerics-tensors-operations.adb:867
orka-numerics-doubles-tensors-cpu.ads:29:01: warning: in instantiation at orka-numerics-tensors-simd_cpu.adb:99
orka-numerics-doubles-tensors-cpu.ads:29:01: warning: membership test on "Element" uses predefined equality
orka-numerics-doubles-tensors-cpu.ads:29:01: warning: even if user-defined equality exists (RM 4.5.2 (28.1/3)
orka-numerics-doubles-tensors-cpu.ads:29:01: warning: in instantiation at orka-numerics-tensors-operations.adb:869
orka-numerics-doubles-tensors-cpu.ads:29:01: warning: in instantiation at orka-numerics-tensors-simd_cpu.adb:99
orka-numerics-doubles-tensors-cpu.ads:29:01: warning: membership test on "Element" uses predefined equality
orka-numerics-doubles-tensors-cpu.ads:29:01: warning: even if user-defined equality exists (RM 4.5.2 (28.1/3)
orka-numerics-doubles-tensors-cpu.ads:29:88: (style) incorrect line terminator [-gnatyd]
orka-numerics-doubles-tensors-cpu.ads:30:13: (style) incorrect line terminator [-gnatyd]
orka-numerics-doubles-tensors-cpu.ads:31:15: (style) incorrect line terminator [-gnatyd]
orka-numerics-doubles-tensors-cpu.ads:32:25: (style) incorrect line terminator [-gnatyd]
orka-numerics-doubles-tensors-cpu.ads:33:35: (style) incorrect line terminator [-gnatyd]
orka-numerics-doubles-tensors-cpu.ads:34:34: (style) incorrect line terminator [-gnatyd]
orka-numerics-doubles-tensors-cpu.ads:35:52: (style) incorrect line terminator [-gnatyd]
orka-numerics-doubles-tensors-cpu.ads:36:53: (style) incorrect line terminator [-gnatyd]
orka-numerics-doubles-tensors-cpu.ads:37:41: (style) incorrect line terminator [-gnatyd]
orka-numerics-doubles-tensors-cpu.ads:38:41: (style) incorrect line terminator [-gnatyd]
orka-numerics-doubles-tensors-cpu.ads:39:27: (style) incorrect line terminator [-gnatyd]
orka-numerics-doubles-tensors-cpu.ads:40:36: (style) incorrect line terminator [-gnatyd]
orka-numerics-doubles-tensors-cpu.ads:41:36: (style) incorrect line terminator [-gnatyd]
orka-numerics-doubles-tensors-cpu.ads:42:36: (style) incorrect line terminator [-gnatyd]
orka-numerics-doubles-tensors-cpu.ads:43:36: (style) incorrect line terminator [-gnatyd]
orka-numerics-doubles-tensors-cpu.ads:44:36: (style) incorrect line terminator [-gnatyd]
orka-numerics-doubles-tensors-cpu.ads:45:38: (style) incorrect line terminator [-gnatyd]
orka-numerics-doubles-tensors-cpu.ads:46:36: (style) incorrect line terminator [-gnatyd]
orka-numerics-doubles-tensors-cpu.ads:47:47: (style) incorrect line terminator [-gnatyd]
orka-numerics-doubles-tensors-cpu.ads:48:31: (style) incorrect line terminator [-gnatyd]
orka-numerics-doubles-tensors-cpu.ads:49:30: (style) incorrect line terminator [-gnatyd]
orka-numerics-doubles-tensors-cpu.ads:50:30: (style) incorrect line terminator [-gnatyd]
orka-numerics-doubles-tensors-cpu.ads:51:31: (style) incorrect line terminator [-gnatyd]
orka-numerics-doubles-tensors-cpu.ads:52:32: (style) incorrect line terminator [-gnatyd]
orka-numerics-doubles-tensors-cpu.ads:53:48: (style) incorrect line terminator [-gnatyd]
orka-numerics-doubles-tensors-cpu.ads:54:41: (style) incorrect line terminator [-gnatyd]
orka-numerics-doubles-tensors-cpu.ads:55:37: (style) incorrect line terminator [-gnatyd]
orka-numerics-doubles-tensors-cpu.ads:56:35: (style) incorrect line terminator [-gnatyd]
orka-numerics-doubles-tensors-cpu.ads:57:34: (style) incorrect line terminator [-gnatyd]
orka-numerics-doubles-tensors-cpu.ads:58:35: (style) incorrect line terminator [-gnatyd]
orka-numerics-doubles-tensors-cpu.ads:59:33: (style) incorrect line terminator [-gnatyd]
orka-numerics-doubles-tensors-cpu.ads:60:34: (style) incorrect line terminator [-gnatyd]
orka-numerics-doubles-tensors-cpu.ads:61:33: (style) incorrect line terminator [-gnatyd]
orka-numerics-doubles-tensors-cpu.ads:62:33: (style) incorrect line terminator [-gnatyd]
orka-numerics-doubles-tensors-cpu.ads:63:34: (style) incorrect line terminator [-gnatyd]
orka-numerics-doubles-tensors-cpu.ads:64:34: (style) incorrect line terminator [-gnatyd]
orka-numerics-doubles-tensors-cpu.ads:65:33: (style) incorrect line terminator [-gnatyd]
orka-numerics-doubles-tensors-cpu.ads:66:32: (style) incorrect line terminator [-gnatyd]
orka-numerics-doubles-tensors-cpu.ads:67:34: (style) incorrect line terminator [-gnatyd]
orka-numerics-doubles-tensors-cpu.ads:68:57: (style) incorrect line terminator [-gnatyd]
